<?xml version="1.0" encoding="UTF-8"?>
<!-- Generated by org.testng.reporters.JUnitReportReporter -->
<testsuite skipped="0" hostname="SUNILK2" name="RestAssured_Employee.RestAssured_Employees.Action.EmployeeAPI" tests="2" failures="0" timestamp="25 May 2020 12:02:24 GMT" time="1.069" errors="0">
  <testcase name="getEmployeeID" time="1.013" classname="RestAssured_Employee.RestAssured_Employees.Action.EmployeeAPI"/>
  <testcase name="CheckTotalSizeOfEmployee" time="0.056" classname="RestAssured_Employee.RestAssured_Employees.Action.EmployeeAPI"/>
</testsuite> <!-- RestAssured_Employee.RestAssured_Employees.Action.EmployeeAPI -->
